i = 0
a = 0
j = 0
k = 0
a = 1
k = 1
a = 2
k = 2
a = 3
k = 3
a = 4
k = 4
a = 5
k = 5
a = 6
k = 6
a = 7
k = 7
a = 8
k = 8
a = 9
k = 9
a = 10
k = 10
a = 11
k = 11
a = 12
k = 12
a = 13
k = 13
a = 14
k = 14
a = 15
k = 15
a = 16
k = 16
a = 17
k = 17
a = 18
k = 18
a = 19
k = 19
a = 20
k = 20
j = 1
k = 0
a = 21
k = 1
a = 22
k = 2
a = 23
k = 3
a = 24
k = 4
a = 25
k = 5
a = 26
k = 6
a = 27
k = 7
a = 28
k = 8
a = 29
k = 9
a = 30
k = 10
a = 31
k = 11
a = 32
k = 12
a = 33
k = 13
a = 34
k = 14
a = 35
k = 15
a = 36
k = 16
a = 37
k = 17
a = 38
k = 18
a = 39
k = 19
a = 40
k = 20
j = 2
k = 0
a = 41
k = 1
a = 42
k = 2
a = 43
k = 3
a = 44
k = 4
a = 45
k = 5
a = 46
k = 6
a = 47
k = 7
a = 48
k = 8
a = 49
k = 9
a = 50
k = 10
a = 51
k = 11
a = 52
k = 12
a = 53
k = 13
a = 54
k = 14
a = 55
k = 15
a = 56
k = 16
a = 57
k = 17
a = 58
k = 18
a = 59
k = 19
a = 60
k = 20
j = 3
i = 1
j = 0
k = 0
a = 61
k = 1
a = 62
k = 2
a = 63
k = 3
a = 64
k = 4
a = 65
k = 5
a = 66
k = 6
a = 67
k = 7
a = 68
k = 8
a = 69
k = 9
a = 70
k = 10
a = 71
k = 11
a = 72
k = 12
a = 73
k = 13
a = 74
k = 14
a = 75
k = 15
a = 76
k = 16
a = 77
k = 17
a = 78
k = 18
a = 79
k = 19
a = 80
k = 20
j = 1
k = 0
a = 81
k = 1
a = 82
k = 2
a = 83
k = 3
a = 84
k = 4
a = 85
k = 5
a = 86
k = 6
a = 87
k = 7
a = 88
k = 8
a = 89
k = 9
a = 90
k = 10
a = 91
k = 11
a = 92
k = 12
a = 93
k = 13
a = 94
k = 14
a = 95
k = 15
a = 96
k = 16
a = 97
k = 17
a = 98
k = 18
a = 99
k = 19
a = 100
k = 20
j = 2
k = 0
a = 101
k = 1
a = 102
k = 2
a = 103
k = 3
a = 104
k = 4
a = 105
k = 5
a = 106
k = 6
a = 107
k = 7
a = 108
k = 8
a = 109
k = 9
a = 110
k = 10
a = 111
k = 11
a = 112
k = 12
a = 113
k = 13
a = 114
k = 14
a = 115
k = 15
a = 116
k = 16
a = 117
k = 17
a = 118
k = 18
a = 119
k = 19
a = 120
k = 20
j = 3
i = 2
j = 0
k = 0
a = 121
k = 1
a = 122
k = 2
a = 123
k = 3
a = 124
k = 4
a = 125
k = 5
a = 126
k = 6
a = 127
k = 7
a = 128
k = 8
a = 129
k = 9
a = 130
k = 10
a = 131
k = 11
a = 132
k = 12
a = 133
k = 13
a = 134
k = 14
a = 135
k = 15
a = 136
k = 16
a = 137
k = 17
a = 138
k = 18
a = 139
k = 19
a = 140
k = 20
j = 1
k = 0
a = 141
k = 1
a = 142
k = 2
a = 143
k = 3
a = 144
k = 4
a = 145
k = 5
a = 146
k = 6
a = 147
k = 7
a = 148
k = 8
a = 149
k = 9
a = 150
k = 10
a = 151
k = 11
a = 152
k = 12
a = 153
k = 13
a = 154
k = 14
a = 155
k = 15
a = 156
k = 16
a = 157
k = 17
a = 158
k = 18
a = 159
k = 19
a = 160
k = 20
j = 2
k = 0
a = 161
k = 1
a = 162
k = 2
a = 163
k = 3
a = 164
k = 4
a = 165
k = 5
a = 166
k = 6
a = 167
k = 7
a = 168
k = 8
a = 169
k = 9
a = 170
k = 10
a = 171
k = 11
a = 172
k = 12
a = 173
k = 13
a = 174
k = 14
a = 175
k = 15
a = 176
k = 16
a = 177
k = 17
a = 178
k = 18
a = 179
k = 19
a = 180
k = 20
j = 3
i = 3
j = 0
k = 0
a = 181
k = 1
a = 182
k = 2
a = 183
k = 3
a = 184
k = 4
a = 185
k = 5
a = 186
k = 6
a = 187
k = 7
a = 188
k = 8
a = 189
k = 9
a = 190
k = 10
a = 191
k = 11
a = 192
k = 12
a = 193
k = 13
a = 194
k = 14
a = 195
k = 15
a = 196
k = 16
a = 197
k = 17
a = 198
k = 18
a = 199
k = 19
a = 200
k = 20
j = 1
k = 0
a = 201
k = 1
a = 202
k = 2
a = 203
k = 3
a = 204
k = 4
a = 205
k = 5
a = 206
k = 6
a = 207
k = 7
a = 208
k = 8
a = 209
k = 9
a = 210
k = 10
a = 211
k = 11
a = 212
k = 12
a = 213
k = 13
a = 214
k = 14
a = 215
k = 15
a = 216
k = 16
a = 217
k = 17
a = 218
k = 18
a = 219
k = 19
a = 220
k = 20
j = 2
k = 0
a = 221
k = 1
a = 222
k = 2
a = 223
k = 3
a = 224
k = 4
a = 225
k = 5
a = 226
k = 6
a = 227
k = 7
a = 228
k = 8
a = 229
k = 9
a = 230
k = 10
a = 231
k = 11
a = 232
k = 12
a = 233
k = 13
a = 234
k = 14
a = 235
k = 15
a = 236
k = 16
a = 237
k = 17
a = 238
k = 18
a = 239
k = 19
a = 240
k = 20
j = 3
i = 4
j = 0
k = 0
a = 241
k = 1
a = 242
k = 2
a = 243
k = 3
a = 244
k = 4
a = 245
k = 5
a = 246
k = 6
a = 247
k = 7
a = 248
k = 8
a = 249
k = 9
a = 250
k = 10
a = 251
k = 11
a = 252
k = 12
a = 253
k = 13
a = 254
k = 14
a = 255
k = 15
a = 256
k = 16
a = 257
k = 17
a = 258
k = 18
a = 259
k = 19
a = 260
k = 20
j = 1
k = 0
a = 261
k = 1
a = 262
k = 2
a = 263
k = 3
a = 264
k = 4
a = 265
k = 5
a = 266
k = 6
a = 267
k = 7
a = 268
k = 8
a = 269
k = 9
a = 270
k = 10
a = 271
k = 11
a = 272
k = 12
a = 273
k = 13
a = 274
k = 14
a = 275
k = 15
a = 276
k = 16
a = 277
k = 17
a = 278
k = 18
a = 279
k = 19
a = 280
k = 20
j = 2
k = 0
a = 281
k = 1
a = 282
k = 2
a = 283
k = 3
a = 284
k = 4
a = 285
k = 5
a = 286
k = 6
a = 287
k = 7
a = 288
k = 8
a = 289
k = 9
a = 290
k = 10
a = 291
k = 11
a = 292
k = 12
a = 293
k = 13
a = 294
k = 14
a = 295
k = 15
a = 296
k = 16
a = 297
k = 17
a = 298
k = 18
a = 299
k = 19
a = 300
k = 20
j = 3
i = 5
result = 300
