a[0] = 1
a[1] = 2
a[2] = 3
a[3] = 4
a[4] = 5
b[0] = 10
b[1] = 9
b[2] = 8
b[3] = 7
result = -10
result = 1
k = 3
result = 12
k = 4
result = 17
k = 5
b[5] = 1
b[5] = 0
b[5] = 1
b[5] = 2
result = 34
p = 12
result = 12
result = -10
result = 1
k = 2
result = 12
k = 3
result = 23
k = 4
result = 28
k = 5
b[5] = 1
b[5] = 0
b[5] = 1
b[5] = 2
result = 56
p = 14
result = 14
result = -10
result = 1
k = 1
result = 12
k = 2
result = 23
k = 3
result = 34
k = 4
result = 39
k = 5
b[5] = 1
b[5] = 0
b[5] = 1
b[5] = 2
result = 78
p = 8
result = 8
result = 6
c = 1
